
**** Build of configuration Debug for project ASM_Flow ****

"C:\\ti\\ccs1110\\ccs\\utils\\bin\\gmake" -k -j 12 all -O 
 
Building file: "../main.asm"
Invoking: MSP430 Compiler
"C:/ti/ccs1110/ccs/tools/compiler/ti-cgt-msp430_21.6.0.LTS/bin/cl430" -vmspx --code_model=small --data_model=small --use_hw_mpy=F5 --include_path="C:/ti/ccs1110/ccs/ccs_base/msp430/include" --include_path="C:/Users/Antho/Desktop/EELE371/ASM_Flow" --include_path="C:/ti/ccs1110/ccs/tools/compiler/ti-cgt-msp430_21.6.0.LTS/include" --advice:power=all --advice:hw_config=all --define=__MSP430FR2355__ --define=_FRWP_ENABLE --define=_INFO_FRWP_ENABLE -g --printf_support=minimal --diag_warning=225 --diag_wrap=off --display_error_number --silicon_errata=CPU21 --silicon_errata=CPU22 --silicon_errata=CPU40 --preproc_with_compile --preproc_dependency="main.d_raw"  "../main.asm"
5 Assembly Errors, 1 Assembly Warning
 
>> Compilation failure
subdir_rules.mk:9: recipe for target 'main.obj' failed
"../main.asm", ERROR!   at line 42: [E0003] Only labels and comments may begin in the first column. Make sure that the label name is not a reserved keyword.
	------
 
"../main.asm", ERROR!   at line 42: [E0002] Illegal mnemonic specified
	------
 
"../main.asm", ERROR!   at line 50: [E0005] Operand missing
		jnz,	for1
 
"../main.asm", ERROR!   at line 60: [E0005] Operand missing
		jnz, else
 
"../main.asm", ERROR!   at line 65: [E0003] Unexpected trailing operand(s)
		jmp while:
 
"../main.asm", WARNING! at line 65: [W5369] Silicon Errata CPU40: A jump instruction at the end of a section should be followed by a NOP.
		jmp while:
 
 
Errors in Source - Assembler Aborted
gmake: *** [main.obj] Error 1
gmake: Target 'all' not remade because of errors.

**** Build Finished ****
