
**** Build of configuration Debug for project Lab11.1_ASM_Port_InterruptsReal ****

"C:\\ti\\ccs1110\\ccs\\utils\\bin\\gmake" -k -j 12 all -O 
 
Building file: "../main.asm"
Invoking: MSP430 Compiler
"C:/ti/ccs1110/ccs/tools/compiler/ti-cgt-msp430_21.6.0.LTS/bin/cl430" -vmspx --code_model=small --data_model=small --use_hw_mpy=F5 --include_path="C:/ti/ccs1110/ccs/ccs_base/msp430/include" --include_path="C:/Users/Antho/Desktop/EELE371/Lab11.1_ASM_Port_InterruptsReal" --include_path="C:/ti/ccs1110/ccs/tools/compiler/ti-cgt-msp430_21.6.0.LTS/include" --advice:power=all --advice:hw_config=all --define=__MSP430FR2355__ --define=_FRWP_ENABLE --define=_INFO_FRWP_ENABLE -g --printf_support=minimal --diag_warning=225 --diag_wrap=off --display_error_number --silicon_errata=CPU21 --silicon_errata=CPU22 --silicon_errata=CPU40 --preproc_with_compile --preproc_dependency="main.d_raw"  "../main.asm"
No Assembly Errors, 2 Assembly Warnings
"../main.asm", WARNING! at line 51: [W0005] NOP required before set of GIE bit.
			bis.w	#GIE, SR
 
"../main.asm", REMARK   at line 51: [R0001] After symbol substitution the line became:
			bis.w	#(0x0008), SR
 
"../main.asm", WARNING! at line 51: [W0005] NOP required after set or clear of GIE bit.
			bis.w	#GIE, SR
 
"../main.asm", REMARK   at line 51: [R0001] After symbol substitution the line became:
			bis.w	#(0x0008), SR
 
Finished building: "../main.asm"
 
Building target: "Lab11.1_ASM_Port_InterruptsReal.out"
Invoking: MSP430 Linker
"C:/ti/ccs1110/ccs/tools/compiler/ti-cgt-msp430_21.6.0.LTS/bin/cl430" -vmspx --code_model=small --data_model=small --use_hw_mpy=F5 --advice:power=all --advice:hw_config=all --define=__MSP430FR2355__ --define=_FRWP_ENABLE --define=_INFO_FRWP_ENABLE -g --printf_support=minimal --diag_warning=225 --diag_wrap=off --display_error_number --silicon_errata=CPU21 --silicon_errata=CPU22 --silicon_errata=CPU40 -z -m"Lab11.1_ASM_Port_InterruptsReal.map" --heap_size=0 --stack_size=0 --cinit_hold_wdt=on -i"C:/ti/ccs1110/ccs/ccs_base/msp430/include" -i"C:/ti/ccs1110/ccs/ccs_base/msp430/lib/FR2xx" -i"C:/ti/ccs1110/ccs/tools/compiler/ti-cgt-msp430_21.6.0.LTS/lib" -i"C:/ti/ccs1110/ccs/tools/compiler/ti-cgt-msp430_21.6.0.LTS/include" --priority --reread_libs --define=_FRWP_ENABLE --define=_INFO_FRWP_ENABLE --diag_wrap=off --display_error_number --warn_sections --xml_link_info="Lab11.1_ASM_Port_InterruptsReal_linkInfo.xml" --entry_point=RESET --use_hw_mpy=F5 -o "Lab11.1_ASM_Port_InterruptsReal.out" "./main.obj" "../lnk_msp430fr2355.cmd"  -lfrwp_init.a -llibc.a 
<Linking>
Finished building target: "Lab11.1_ASM_Port_InterruptsReal.out"
 

**** Build Finished ****
